<?xml version="1.0" encoding="UTF-8"?>
<testsuite name="com.app.msg.process.helper.ReportHelperTest" time="0.19" tests="3" errors="0" skipped="0" failures="0">
  <properties>
[...]
</properties>
  <testcase name="testGetMapProdCounts" classname="com.app.msg.process.helper.ReportHelperTest" time="0.173"/>
  <testcase name="testGetMapProdTotalUnits" classname="com.app.msg.process.helper.ReportHelperTest" time="0.011"/>
  <testcase name="testGetMapAdjProduct" classname="com.app.msg.process.helper.ReportHelperTest" time="0.006"/>
</testsuite>